\BOOKMARK [1][]{Doc-Start}{\376\377\000A\000b\000s\000t\000r\000a\000c\000t}{}% 1
\BOOKMARK [1][]{Doc-Start}{\376\377\000B\000a\000c\000k\000g\000r\000o\000u\000n\000d\000\040\000a\000n\000d\000\040\000M\000o\000t\000i\000v\000a\000t\000i\000o\000n}{}% 2
\BOOKMARK [2][]{section*.1}{\376\377\000C\000r\000i\000t\000i\000c\000a\000l\000\040\000e\000l\000e\000m\000e\000n\000t\000s\000\040\000o\000v\000e\000r\000v\000i\000e\000w}{Doc-Start}% 3
\BOOKMARK [2][]{section*.1}{\376\377\000C\000r\000i\000t\000i\000c\000a\000l\000\040\000e\000l\000e\000m\000e\000n\000t\000s\000\040\000i\000n\000\040\000c\000o\000a\000l\000s}{Doc-Start}% 4
\BOOKMARK [2][]{section*.1}{\376\377\000E\000c\000o\000n\000o\000m\000i\000c\000\040\000c\000o\000n\000c\000e\000n\000t\000r\000a\000t\000i\000o\000n\000s}{Doc-Start}% 5
\BOOKMARK [2][]{section*.1}{\376\377\000E\000x\000i\000s\000t\000i\000n\000g\000\040\000e\000c\000o\000n\000o\000m\000i\000c\000\040\000d\000e\000p\000o\000s\000i\000t\000s}{Doc-Start}% 6
\BOOKMARK [2][]{section*.1}{\376\377\000E\000x\000t\000r\000a\000c\000t\000i\000o\000n\000\040\000o\000f\000\040\000c\000r\000i\000t\000i\000c\000a\000l\000\040\000e\000l\000e\000m\000e\000n\000t\000s}{Doc-Start}% 7
\BOOKMARK [1][]{figure.caption.2}{\376\377\000O\000b\000j\000e\000c\000t\000i\000v\000e\000s\000\040\000a\000n\000d\000\040\000S\000i\000g\000n\000i\000f\000i\000c\000a\000n\000c\000e}{}% 8
\BOOKMARK [1][]{figure.caption.2}{\376\377\000D\000a\000t\000a}{}% 9
\BOOKMARK [2][]{section*.3}{\376\377\000D\000a\000t\000a\000\040\000s\000o\000u\000r\000c\000e\000\040\000a\000n\000d\000\040\000d\000e\000s\000c\000r\000i\000p\000t\000i\000o\000n}{figure.caption.2}% 10
\BOOKMARK [2][]{section*.3}{\376\377\000D\000a\000t\000a\000\040\000s\000c\000o\000p\000e}{figure.caption.2}% 11
\BOOKMARK [2][]{section*.3}{\376\377\000I\000n\000i\000t\000i\000a\000l\000\040\000D\000a\000t\000a\000\040\000A\000n\000a\000l\000y\000s\000i\000s\000\040\000a\000n\000d\000\040\000w\000r\000a\000n\000g\000l\000i\000n\000g\000\040\000p\000r\000o\000c\000e\000s\000s}{figure.caption.2}% 12
\BOOKMARK [1][]{figure.caption.4}{\376\377\000E\000x\000p\000l\000o\000r\000a\000t\000o\000r\000y\000\040\000D\000a\000t\000a\000\040\000A\000n\000a\000l\000y\000s\000i\000s}{}% 13
\BOOKMARK [2][]{section*.5}{\376\377\000P\000r\000e\000d\000i\000c\000t\000i\000v\000e\000\040\000M\000o\000d\000e\000l\000l\000i\000n\000g}{figure.caption.4}% 14
\BOOKMARK [1][]{figure.caption.8}{\376\377\000M\000e\000t\000h\000o\000d\000o\000l\000o\000g\000y}{}% 15
\BOOKMARK [2][]{section*.9}{\376\377\000P\000r\000e\000d\000i\000c\000t\000i\000v\000e\000\040\000M\000o\000d\000e\000l\000l\000i\000n\000g}{figure.caption.8}% 16
\BOOKMARK [2][]{figure.caption.10}{\376\377\000E\000n\000r\000i\000c\000h\000m\000e\000n\000t\000\040\000A\000n\000a\000l\000y\000s\000i\000s}{figure.caption.8}% 17
\BOOKMARK [1][]{figure.caption.10}{\376\377\000R\000e\000s\000u\000l\000t\000s}{}% 18
\BOOKMARK [2][]{section*.11}{\376\377\000P\000r\000e\000d\000i\000c\000t\000i\000v\000e\000\040\000M\000o\000d\000e\000l\000l\000i\000n\000g}{figure.caption.10}% 19
\BOOKMARK [2][]{figure.caption.15}{\376\377\000E\000n\000r\000i\000c\000h\000m\000e\000n\000t\000\040\000A\000n\000a\000l\000y\000s\000i\000s}{figure.caption.10}% 20
\BOOKMARK [1][]{figure.caption.16}{\376\377\000D\000i\000s\000c\000u\000s\000s\000i\000o\000n\000s}{}% 21
\BOOKMARK [2][]{section*.17}{\376\377\000P\000r\000e\000d\000i\000c\000t\000i\000v\000e\000\040\000M\000o\000d\000e\000l\000l\000i\000n\000g}{figure.caption.16}% 22
\BOOKMARK [2][]{section*.17}{\376\377\000E\000n\000r\000i\000c\000h\000m\000e\000n\000t\000\040\000A\000n\000a\000l\000y\000s\000i\000s}{figure.caption.16}% 23
\BOOKMARK [1][]{section*.17}{\376\377\000C\000o\000n\000c\000l\000u\000s\000i\000o\000n}{}% 24
\BOOKMARK [1][]{section*.17}{\376\377\000A\000p\000p\000e\000n\000d\000i\000x}{}% 25
\BOOKMARK [2][]{section*.18}{\376\377\000A\000p\000p\000e\000n\000d\000i\000x\000\040\0001}{section*.17}% 26
\BOOKMARK [2][]{table.5}{\376\377\000A\000p\000p\000e\000n\000d\000i\000x\000\040\0002}{section*.17}% 27
\BOOKMARK [2][]{table.6}{\376\377\000A\000p\000p\000e\000n\000d\000i\000x\000\040\0003}{section*.17}% 28
\BOOKMARK [2][]{table.caption.19}{\376\377\000A\000p\000p\000e\000n\000d\000i\000x\000\040\0004}{section*.17}% 29
\BOOKMARK [2][]{table.8}{\376\377\000A\000p\000p\000e\000n\000d\000i\000x\000\040\0005}{section*.17}% 30
